<?xml version="1.0" encoding="UTF-8"?>
<testng-results skipped="0" failed="0" total="1" passed="1">
  <reporter-output>
  </reporter-output>
  <suite name="Surefire suite" duration-ms="97" started-at="2022-01-26T15:34:12Z" finished-at="2022-01-26T15:34:12Z">
    <groups>
    </groups>
    <test name="Surefire test" duration-ms="97" started-at="2022-01-26T15:34:12Z" finished-at="2022-01-26T15:34:12Z">
      <class name="Aspire.AppTest">
        <test-method status="PASS" signature="shouldAnswerWithTrue()[pri:0, instance:shouldAnswerWithTrue(Aspire.AppTest)]" name="shouldAnswerWithTrue" duration-ms="4" started-at="2022-01-26T21:04:12Z" finished-at="2022-01-26T21:04:12Z">
          <reporter-output>
          </reporter-output>
        </test-method> <!-- shouldAnswerWithTrue -->
      </class> <!-- Aspire.AppTest -->
    </test> <!-- Surefire test -->
  </suite> <!-- Surefire suite -->
</testng-results>
